
             .',;::::;,'.
         .';:cccccccccccc:;,.
      .;cccccccccccccccccccccc;.
    .:cccccccccccccccccccccccccc:.
  .;ccccccccccccc;.:dddl:.;ccccccc;.
 .:ccccccccccccc;OWMKOOXMWd;ccccccc:.
.:ccccccccccccc;KMMc;cc;xMMc;ccccccc:.
,cccccccccccccc;MMM.;cc;;WW:;cccccccc,
:cccccccccccccc;MMM.;cccccccccccccccc:
:ccccccc;oxOOOo;MMM000k.;cccccccccccc:
cccccc;0MMKxdd:;MMMkddc.;cccccccccccc;
ccccc;XMO';cccc;MMM.;cccccccccccccccc'
ccccc;MMo;ccccc;MMW.;ccccccccccccccc;
ccccc;0MNc.ccc.xMMd;ccccccccccccccc;
cccccc;dNMWXXXWM0:;cccccccccccccc:,
cccccccc;.:odl:.;cccccccccccccc:,.
ccccccccccccccccccccccccccccc:'.
:ccccccccccccccccccccccc:;,..
 ':cccccccccccccccc::;,.[1G[19A[42C
[42C DISTRO 󰑃  Fedora Linux 43 (Workstation Edition) x86_64
[42C│ ├ 󰑃  Linux 6.19.6-200.fc43.x86_64
[42C│ ├ 󰑃  JaKooLit Version:
[42C│ ├󰏖 󰑃  3648 (rpm), 36 (flatpak), 1 (brew), 1 (brew-cask)
[42C│ └ 󰑃  bash 5.3.0
[42C DE/WM 󰑃  Mutter (Wayland)
[42C│ ├󰉼 󰑃  adw-gtk3-dark
[42C│ ├󰀻 󰑃  Flat-Remix-Blue-Dark [GTK2/3/4]
[42C│ ├ 󰑃  Bibata-Modern-Classic (24px)
[42C│ └ 󰑃  xterm-256color
[42C󰌢 SYSTEM 󰑃  750XFG (P10CFL)
[42C│ ├󰻠 󰑃  13th Gen Intel(R) Core(TM) i5-1335U (12) @ 4.60 GHz
[42C│ ├󰻑 󰑃  Iris Xe Graphics
[42C│ ├󰍹 󰑃  1920x1080 @ 60Hz
[42C│ ├󰾆 󰑃  10.16 GiB / 15.29 GiB (66%)
[42C│ ├󰓡 󰑃  3.61 GiB / 8.00 GiB (45%)
[42C│ ├󰅐 󰑃  1 day, 6 hours, 42 mins
[42C│ └󰍹 󰑃  1920x1080 in 15", 60 Hz [Built-in]
[42C AUDIO 󰑃  Raptor Lake-P/U/H cAVS Speaker
[42C│ ├󰥠 󰑃  Youtube (Mozilla zen)
[42C│ └󰝚 󰑃  OneRepublic - Counting Stars (Paused)
[42C
INFO:     Started server process [1590328]
INFO:     Waiting for application startup.
/home/beast/.local/lib/python3.14/site-packages/sklearn/base.py:463: InconsistentVersionWarning: Trying to unpickle estimator LabelEncoder from version 1.7.2 when using version 1.8.0. This might lead to breaking code or invalid results. Use at your own risk. For more info please refer to:
https://scikit-learn.org/stable/model_persistence.html#security-maintainability-limitations
  warnings.warn(
/home/beast/.local/lib/python3.14/site-packages/sklearn/base.py:463: InconsistentVersionWarning: Trying to unpickle estimator LogisticRegression from version 1.7.2 when using version 1.8.0. This might lead to breaking code or invalid results. Use at your own risk. For more info please refer to:
https://scikit-learn.org/stable/model_persistence.html#security-maintainability-limitations
  warnings.warn(
/home/beast/.local/lib/python3.14/site-packages/sklearn/base.py:463: InconsistentVersionWarning: Trying to unpickle estimator IsotonicRegression from version 1.7.2 when using version 1.8.0. This might lead to breaking code or invalid results. Use at your own risk. For more info please refer to:
https://scikit-learn.org/stable/model_persistence.html#security-maintainability-limitations
  warnings.warn(
/home/beast/.local/lib/python3.14/site-packages/sklearn/base.py:463: InconsistentVersionWarning: Trying to unpickle estimator CalibratedClassifierCV from version 1.7.2 when using version 1.8.0. This might lead to breaking code or invalid results. Use at your own risk. For more info please refer to:
https://scikit-learn.org/stable/model_persistence.html#security-maintainability-limitations
  warnings.warn(
/home/beast/.local/lib/python3.14/site-packages/sklearn/base.py:463: InconsistentVersionWarning: Trying to unpickle estimator StandardScaler from version 1.7.2 when using version 1.8.0. This might lead to breaking code or invalid results. Use at your own risk. For more info please refer to:
https://scikit-learn.org/stable/model_persistence.html#security-maintainability-limitations
  warnings.warn(
INFO:     Application startup complete.
INFO:     Uvicorn running on http://0.0.0.0:8000 (Press CTRL+C to quit)
✅ V3 Turbo Artifacts Loaded Successfully.
INFO:     127.0.0.1:40500 - "GET /health HTTP/1.1" 200 OK
INFO:     127.0.0.1:55000 - "GET /score/CUST_880754 HTTP/1.1" 500 Internal Server Error
